c:\users\g018049f\desktop\graphics\parallax occlusion mapping\agrtr framework 2016\debug\vc141.pdb
c:\users\g018049f\desktop\graphics\parallax occlusion mapping\agrtr framework 2016\debug\vc141.idb
c:\users\g018049f\desktop\graphics\parallax occlusion mapping\agrtr framework 2016\debug\gameobject.obj
c:\users\g018049f\desktop\graphics\parallax occlusion mapping\agrtr framework 2016\debug\main.obj
c:\users\g018049f\desktop\graphics\parallax occlusion mapping\agrtr framework 2016\debug\ddstextureloader.obj
c:\users\g018049f\desktop\graphics\parallax occlusion mapping\agrtr framework 2016\debug\camera.obj
c:\users\g018049f\desktop\graphics\parallax occlusion mapping\agrtr framework 2016\debug\application.obj
c:\users\g018049f\desktop\graphics\tesselation\debug\parallax mapping.ilk
c:\users\g018049f\desktop\graphics\tesselation\debug\parallax mapping.exe
c:\users\g018049f\desktop\graphics\tesselation\debug\parallax mapping.pdb
c:\users\g018049f\desktop\graphics\parallax occlusion mapping\agrtr framework 2016\debug\dx11 framework.res
c:\users\g018049f\desktop\graphics\final graphics\project folder\parallax occlusion mapping\agrtr framework 2016\debug\application.obj
c:\users\g018049f\desktop\graphics\final graphics\project folder\parallax occlusion mapping\agrtr framework 2016\debug\camera.obj
c:\users\g018049f\desktop\graphics\final graphics\project folder\parallax occlusion mapping\agrtr framework 2016\debug\ddstextureloader.obj
c:\users\g018049f\desktop\graphics\final graphics\project folder\parallax occlusion mapping\agrtr framework 2016\debug\gameobject.obj
c:\users\g018049f\desktop\graphics\final graphics\project folder\parallax occlusion mapping\agrtr framework 2016\debug\main.obj
c:\users\g018049f\desktop\graphics\final graphics\project folder\parallax occlusion mapping\agrtr framework 2016\debug\dx11 framework.res
c:\users\g018049f\desktop\graphics\final graphics\project folder\parallax occlusion mapping\agrtr framework 2016\debug\vc141.idb
c:\users\g018049f\desktop\graphics\final graphics\project folder\parallax occlusion mapping\agrtr framework 2016\debug\vc141.pdb
c:\users\g018049f\desktop\graphics\final graphics\project folder\parallax occlusion mapping\agrtr framework 2016\debug\parallax mapping.tlog\cl.command.1.tlog
c:\users\g018049f\desktop\graphics\final graphics\project folder\parallax occlusion mapping\agrtr framework 2016\debug\parallax mapping.tlog\cl.read.1.tlog
c:\users\g018049f\desktop\graphics\final graphics\project folder\parallax occlusion mapping\agrtr framework 2016\debug\parallax mapping.tlog\cl.write.1.tlog
c:\users\g018049f\desktop\graphics\final graphics\project folder\parallax occlusion mapping\agrtr framework 2016\debug\parallax mapping.tlog\link.command.1.tlog
c:\users\g018049f\desktop\graphics\final graphics\project folder\parallax occlusion mapping\agrtr framework 2016\debug\parallax mapping.tlog\link.read.1.tlog
c:\users\g018049f\desktop\graphics\final graphics\project folder\parallax occlusion mapping\agrtr framework 2016\debug\parallax mapping.tlog\link.write.1.tlog
c:\users\g018049f\desktop\graphics\final graphics\project folder\parallax occlusion mapping\agrtr framework 2016\debug\parallax mapping.tlog\rc.command.1.tlog
c:\users\g018049f\desktop\graphics\final graphics\project folder\parallax occlusion mapping\agrtr framework 2016\debug\parallax mapping.tlog\rc.read.1.tlog
c:\users\g018049f\desktop\graphics\final graphics\project folder\parallax occlusion mapping\agrtr framework 2016\debug\parallax mapping.tlog\rc.write.1.tlog
