c:\users\g018049f\desktop\graphics\tesselation\debug\vc141.pdb
c:\users\g018049f\desktop\graphics\tesselation\debug\vc141.idb
c:\users\g018049f\desktop\graphics\tesselation\debug\gameobject.obj
c:\users\g018049f\desktop\graphics\tesselation\debug\main.obj
c:\users\g018049f\desktop\graphics\tesselation\debug\ddstextureloader.obj
c:\users\g018049f\desktop\graphics\tesselation\debug\camera.obj
c:\users\g018049f\desktop\graphics\tesselation\debug\application.obj
c:\users\g018049f\desktop\graphics\tesselation\debug\tesselation.ilk
c:\users\g018049f\desktop\graphics\tesselation\debug\tesselation.exe
c:\users\g018049f\desktop\graphics\tesselation\debug\tesselation.pdb
c:\users\g018049f\desktop\graphics\tesselation\debug\dx11 framework.res
c:\users\g018049f\desktop\graphics\final graphics\project folder\tesselation\debug\application.obj
c:\users\g018049f\desktop\graphics\final graphics\project folder\tesselation\debug\camera.obj
c:\users\g018049f\desktop\graphics\final graphics\project folder\tesselation\debug\ddstextureloader.obj
c:\users\g018049f\desktop\graphics\final graphics\project folder\tesselation\debug\gameobject.obj
c:\users\g018049f\desktop\graphics\final graphics\project folder\tesselation\debug\main.obj
c:\users\g018049f\desktop\graphics\final graphics\project folder\tesselation\debug\normal mapping.ilk
c:\users\g018049f\desktop\graphics\final graphics\project folder\tesselation\debug\parallax mapping.ilk
c:\users\g018049f\desktop\graphics\final graphics\project folder\tesselation\debug\parallax occlusion mapping.ilk
c:\users\g018049f\desktop\graphics\final graphics\project folder\tesselation\debug\special effects pipeline.ilk
c:\users\g018049f\desktop\graphics\final graphics\project folder\tesselation\debug\tesselation.ilk
c:\users\g018049f\desktop\graphics\final graphics\project folder\tesselation\debug\dx11 framework.res
c:\users\g018049f\desktop\graphics\final graphics\project folder\tesselation\debug\vc141.idb
c:\users\g018049f\desktop\graphics\final graphics\project folder\tesselation\debug\normal mapping.pdb
c:\users\g018049f\desktop\graphics\final graphics\project folder\tesselation\debug\parallax mapping.pdb
c:\users\g018049f\desktop\graphics\final graphics\project folder\tesselation\debug\parallax occlusion mapping.pdb
c:\users\g018049f\desktop\graphics\final graphics\project folder\tesselation\debug\special effects pipeline.pdb
c:\users\g018049f\desktop\graphics\final graphics\project folder\tesselation\debug\tesselation.pdb
c:\users\g018049f\desktop\graphics\final graphics\project folder\tesselation\debug\vc141.pdb
c:\users\g018049f\desktop\graphics\final graphics\project folder\tesselation\debug\tesselation.tlog\cl.command.1.tlog
c:\users\g018049f\desktop\graphics\final graphics\project folder\tesselation\debug\tesselation.tlog\cl.read.1.tlog
c:\users\g018049f\desktop\graphics\final graphics\project folder\tesselation\debug\tesselation.tlog\cl.write.1.tlog
c:\users\g018049f\desktop\graphics\final graphics\project folder\tesselation\debug\tesselation.tlog\link.command.1.tlog
c:\users\g018049f\desktop\graphics\final graphics\project folder\tesselation\debug\tesselation.tlog\link.read.1.tlog
c:\users\g018049f\desktop\graphics\final graphics\project folder\tesselation\debug\tesselation.tlog\link.write.1.tlog
c:\users\g018049f\desktop\graphics\final graphics\project folder\tesselation\debug\tesselation.tlog\rc.command.1.tlog
c:\users\g018049f\desktop\graphics\final graphics\project folder\tesselation\debug\tesselation.tlog\rc.read.1.tlog
c:\users\g018049f\desktop\graphics\final graphics\project folder\tesselation\debug\tesselation.tlog\rc.write.1.tlog
