c:\users\g018049f\desktop\graphics\special effects pipeline\debug\vc141.pdb
c:\users\g018049f\desktop\graphics\special effects pipeline\debug\vc141.idb
c:\users\g018049f\desktop\graphics\special effects pipeline\debug\gameobject.obj
c:\users\g018049f\desktop\graphics\special effects pipeline\debug\main.obj
c:\users\g018049f\desktop\graphics\special effects pipeline\debug\ddstextureloader.obj
c:\users\g018049f\desktop\graphics\special effects pipeline\debug\camera.obj
c:\users\g018049f\desktop\graphics\special effects pipeline\debug\application.obj
c:\users\g018049f\desktop\graphics\tesselation\debug\special effects pipeline.ilk
c:\users\g018049f\desktop\graphics\tesselation\debug\special effects pipeline.exe
c:\users\g018049f\desktop\graphics\tesselation\debug\special effects pipeline.pdb
c:\users\g018049f\desktop\graphics\special effects pipeline\debug\dx11 framework.res
c:\users\g018049f\desktop\graphics\final graphics\project folder\special effects pipeline\debug\application.obj
c:\users\g018049f\desktop\graphics\final graphics\project folder\special effects pipeline\debug\camera.obj
c:\users\g018049f\desktop\graphics\final graphics\project folder\special effects pipeline\debug\ddstextureloader.obj
c:\users\g018049f\desktop\graphics\final graphics\project folder\special effects pipeline\debug\gameobject.obj
c:\users\g018049f\desktop\graphics\final graphics\project folder\special effects pipeline\debug\main.obj
c:\users\g018049f\desktop\graphics\final graphics\project folder\special effects pipeline\debug\dx11 framework.res
c:\users\g018049f\desktop\graphics\final graphics\project folder\special effects pipeline\debug\vc141.idb
c:\users\g018049f\desktop\graphics\final graphics\project folder\special effects pipeline\debug\vc141.pdb
c:\users\g018049f\desktop\graphics\final graphics\project folder\special effects pipeline\debug\special .248112ac.tlog\cl.command.1.tlog
c:\users\g018049f\desktop\graphics\final graphics\project folder\special effects pipeline\debug\special .248112ac.tlog\cl.read.1.tlog
c:\users\g018049f\desktop\graphics\final graphics\project folder\special effects pipeline\debug\special .248112ac.tlog\cl.write.1.tlog
c:\users\g018049f\desktop\graphics\final graphics\project folder\special effects pipeline\debug\special .248112ac.tlog\link.command.1.tlog
c:\users\g018049f\desktop\graphics\final graphics\project folder\special effects pipeline\debug\special .248112ac.tlog\link.read.1.tlog
c:\users\g018049f\desktop\graphics\final graphics\project folder\special effects pipeline\debug\special .248112ac.tlog\link.write.1.tlog
c:\users\g018049f\desktop\graphics\final graphics\project folder\special effects pipeline\debug\special .248112ac.tlog\rc.command.1.tlog
c:\users\g018049f\desktop\graphics\final graphics\project folder\special effects pipeline\debug\special .248112ac.tlog\rc.read.1.tlog
c:\users\g018049f\desktop\graphics\final graphics\project folder\special effects pipeline\debug\special .248112ac.tlog\rc.write.1.tlog
