c:\users\thomasgriffiths\desktop\advanced graphics\graphics\agrtr framework 2016\debug\vc141.pdb
c:\users\thomasgriffiths\desktop\advanced graphics\graphics\agrtr framework 2016\debug\vc141.idb
c:\users\thomasgriffiths\desktop\advanced graphics\graphics\agrtr framework 2016\debug\main.obj
c:\users\thomasgriffiths\desktop\advanced graphics\graphics\agrtr framework 2016\debug\gameobject.obj
c:\users\thomasgriffiths\desktop\advanced graphics\graphics\agrtr framework 2016\debug\ddstextureloader.obj
c:\users\thomasgriffiths\desktop\advanced graphics\graphics\agrtr framework 2016\debug\camera.obj
c:\users\thomasgriffiths\desktop\advanced graphics\graphics\agrtr framework 2016\debug\application.obj
c:\users\thomasgriffiths\desktop\advanced graphics\graphics\agrtr framework 2016\debug\dx11 framework.exe
c:\users\thomasgriffiths\desktop\advanced graphics\graphics\agrtr framework 2016\debug\dx11 framework.ilk
c:\users\thomasgriffiths\desktop\advanced graphics\graphics\agrtr framework 2016\debug\dx11 framework.pdb
c:\users\thomasgriffiths\desktop\advanced graphics\graphics\agrtr framework 2016\debug\dx11 framework.res
c:\users\thomasgriffiths\desktop\advanced graphics\graphics\agrtr framework 2016\debug\vc120.idb
c:\users\thomasgriffiths\desktop\advanced graphics\graphics\agrtr framework 2016\debug\vc120.pdb
c:\users\thomasgriffiths\desktop\advanced graphics\graphics\agrtr framework 2016\debug\dx11 framework.tlog\cl.command.1.tlog
c:\users\thomasgriffiths\desktop\advanced graphics\graphics\agrtr framework 2016\debug\dx11 framework.tlog\cl.read.1.tlog
c:\users\thomasgriffiths\desktop\advanced graphics\graphics\agrtr framework 2016\debug\dx11 framework.tlog\cl.write.1.tlog
c:\users\thomasgriffiths\desktop\advanced graphics\graphics\agrtr framework 2016\debug\dx11 framework.tlog\dx11 framework.write.1u.tlog
c:\users\thomasgriffiths\desktop\advanced graphics\graphics\agrtr framework 2016\debug\dx11 framework.tlog\link.command.1.tlog
c:\users\thomasgriffiths\desktop\advanced graphics\graphics\agrtr framework 2016\debug\dx11 framework.tlog\link.read.1.tlog
c:\users\thomasgriffiths\desktop\advanced graphics\graphics\agrtr framework 2016\debug\dx11 framework.tlog\link.write.1.tlog
c:\users\thomasgriffiths\desktop\advanced graphics\graphics\agrtr framework 2016\debug\dx11 framework.tlog\rc.command.1.tlog
c:\users\thomasgriffiths\desktop\advanced graphics\graphics\agrtr framework 2016\debug\dx11 framework.tlog\rc.read.1.tlog
c:\users\thomasgriffiths\desktop\advanced graphics\graphics\agrtr framework 2016\debug\dx11 framework.tlog\rc.write.1.tlog
