c:\users\g018049f\desktop\graphics\normal mapping\debug\vc141.pdb
c:\users\g018049f\desktop\graphics\normal mapping\debug\vc141.idb
c:\users\g018049f\desktop\graphics\normal mapping\debug\gameobject.obj
c:\users\g018049f\desktop\graphics\normal mapping\debug\main.obj
c:\users\g018049f\desktop\graphics\normal mapping\debug\ddstextureloader.obj
c:\users\g018049f\desktop\graphics\normal mapping\debug\camera.obj
c:\users\g018049f\desktop\graphics\normal mapping\debug\application.obj
c:\users\g018049f\desktop\graphics\tesselation\debug\normal mapping.ilk
c:\users\g018049f\desktop\graphics\tesselation\debug\normal mapping.exe
c:\users\g018049f\desktop\graphics\tesselation\debug\normal mapping.pdb
c:\users\g018049f\desktop\graphics\normal mapping\debug\dx11 framework.res
c:\users\g018049f\desktop\graphics\final graphics\project folder\normal mapping\debug\application.obj
c:\users\g018049f\desktop\graphics\final graphics\project folder\normal mapping\debug\camera.obj
c:\users\g018049f\desktop\graphics\final graphics\project folder\normal mapping\debug\ddstextureloader.obj
c:\users\g018049f\desktop\graphics\final graphics\project folder\normal mapping\debug\gameobject.obj
c:\users\g018049f\desktop\graphics\final graphics\project folder\normal mapping\debug\main.obj
c:\users\g018049f\desktop\graphics\final graphics\project folder\normal mapping\debug\dx11 framework.res
c:\users\g018049f\desktop\graphics\final graphics\project folder\normal mapping\debug\vc141.idb
c:\users\g018049f\desktop\graphics\final graphics\project folder\normal mapping\debug\vc141.pdb
c:\users\g018049f\desktop\graphics\final graphics\project folder\normal mapping\debug\normal mapping.tlog\cl.command.1.tlog
c:\users\g018049f\desktop\graphics\final graphics\project folder\normal mapping\debug\normal mapping.tlog\cl.read.1.tlog
c:\users\g018049f\desktop\graphics\final graphics\project folder\normal mapping\debug\normal mapping.tlog\cl.write.1.tlog
c:\users\g018049f\desktop\graphics\final graphics\project folder\normal mapping\debug\normal mapping.tlog\link.command.1.tlog
c:\users\g018049f\desktop\graphics\final graphics\project folder\normal mapping\debug\normal mapping.tlog\link.read.1.tlog
c:\users\g018049f\desktop\graphics\final graphics\project folder\normal mapping\debug\normal mapping.tlog\link.write.1.tlog
c:\users\g018049f\desktop\graphics\final graphics\project folder\normal mapping\debug\normal mapping.tlog\rc.command.1.tlog
c:\users\g018049f\desktop\graphics\final graphics\project folder\normal mapping\debug\normal mapping.tlog\rc.read.1.tlog
c:\users\g018049f\desktop\graphics\final graphics\project folder\normal mapping\debug\normal mapping.tlog\rc.write.1.tlog
